A250A Z3 45.084 14.9106
A251A Z3 45.1286 16.2664
A252A Z3 45.4356 17.8482
A253A Z3 45.2926 13.8167
A254A Z3 45.3148 15.805
A255A Z3 45.509 16.0507
A050A Z3 44.4818 16.5313
A051A Z3 45.0125 16.9069
A052A Z3 45.1026 17.5139
MOSL CR 45.613500 16.754400
DUGI CR 44.113100 14.931800
KALN CR 46.131166 16.455717
KIJV CR 44.004883 16.404696
KSY CR 44.688190 15.270395
LOBO CR 46.155100 16.068600
MORI CR 43.866017 15.707297
NVLJ CR 44.563470 14.871050
OZLJ CR 45.615270 15.467266
PLIT CR 44.878389 15.623055
PTJ CR 45.907328 15.968193
RABC CR 44.750429 14.782104
SLNJ CR 45.134437 15.517110
UDBI CR 44.531422 15.769351
VIRC CR 44.292497 15.053954
ZIRJ CR 43.654255 15.643891
